src/app/page.tsx(99,14): error TS2304: Cannot find name 'FileText'.
src/app/reports/new/page.tsx(13,30): error TS7016: Could not find a declaration file for module 'uuid'. 'D:/Junobo-IT Task/node_modules/uuid/dist/esm-browser/index.js' implicitly has an 'any' type.
  Try `npm i --save-dev @types/uuid` if it exists or add a new declaration (.d.ts) file containing `declare module 'uuid';`
